mode: set
bitbucket.org/smartystreets/satisfy/core/builder.go:29.125,35.2 1 1
bitbucket.org/smartystreets/satisfy/core/builder.go:37.43,38.46 1 1
bitbucket.org/smartystreets/satisfy/core/builder.go:44.2,44.29 1 1
bitbucket.org/smartystreets/satisfy/core/builder.go:38.46,40.17 2 1
bitbucket.org/smartystreets/satisfy/core/builder.go:40.17,42.4 1 1
bitbucket.org/smartystreets/satisfy/core/builder.go:47.64,50.16 3 1
bitbucket.org/smartystreets/satisfy/core/builder.go:53.2,55.16 3 1
bitbucket.org/smartystreets/satisfy/core/builder.go:58.2,59.12 2 1
bitbucket.org/smartystreets/satisfy/core/builder.go:50.16,52.3 1 1
bitbucket.org/smartystreets/satisfy/core/builder.go:55.16,57.3 1 1
bitbucket.org/smartystreets/satisfy/core/builder.go:62.102,63.29 1 1
bitbucket.org/smartystreets/satisfy/core/builder.go:67.2,69.15 3 1
bitbucket.org/smartystreets/satisfy/core/builder.go:70.2,72.12 2 1
bitbucket.org/smartystreets/satisfy/core/builder.go:63.29,66.3 2 1
bitbucket.org/smartystreets/satisfy/core/builder.go:69.15,69.37 1 1
bitbucket.org/smartystreets/satisfy/core/builder.go:75.110,80.26 4 1
bitbucket.org/smartystreets/satisfy/core/builder.go:84.2,84.28 1 1
bitbucket.org/smartystreets/satisfy/core/builder.go:87.2,88.20 2 1
bitbucket.org/smartystreets/satisfy/core/builder.go:80.26,82.3 1 1
bitbucket.org/smartystreets/satisfy/core/builder.go:84.28,86.3 1 1
bitbucket.org/smartystreets/satisfy/core/builder.go:91.93,93.27 2 1
bitbucket.org/smartystreets/satisfy/core/builder.go:96.2,98.54 3 1
bitbucket.org/smartystreets/satisfy/core/builder.go:93.27,95.3 1 1
bitbucket.org/smartystreets/satisfy/core/builder.go:101.83,107.2 1 1
bitbucket.org/smartystreets/satisfy/core/builder.go:109.121,116.2 2 1
bitbucket.org/smartystreets/satisfy/core/builder.go:118.104,119.29 1 1
bitbucket.org/smartystreets/satisfy/core/builder.go:122.2,122.38 1 1
bitbucket.org/smartystreets/satisfy/core/builder.go:119.29,121.3 1 1
bitbucket.org/smartystreets/satisfy/core/builder.go:125.64,127.2 1 1
bitbucket.org/smartystreets/satisfy/core/builder.go:129.71,130.37 1 1
bitbucket.org/smartystreets/satisfy/core/builder.go:133.2,134.61 2 1
bitbucket.org/smartystreets/satisfy/core/builder.go:130.37,132.3 1 1
bitbucket.org/smartystreets/satisfy/core/builder.go:137.58,139.2 1 1
bitbucket.org/smartystreets/satisfy/core/installer.go:33.116,35.2 1 1
bitbucket.org/smartystreets/satisfy/core/installer.go:37.127,39.16 2 1
bitbucket.org/smartystreets/satisfy/core/installer.go:43.2,44.16 2 1
bitbucket.org/smartystreets/satisfy/core/installer.go:48.2,50.22 2 1
bitbucket.org/smartystreets/satisfy/core/installer.go:39.16,41.3 1 1
bitbucket.org/smartystreets/satisfy/core/installer.go:44.16,46.3 1 1
bitbucket.org/smartystreets/satisfy/core/installer.go:53.97,59.2 5 1
bitbucket.org/smartystreets/satisfy/core/installer.go:61.120,63.16 2 1
bitbucket.org/smartystreets/satisfy/core/installer.go:66.2,69.12 3 1
bitbucket.org/smartystreets/satisfy/core/installer.go:72.2,73.16 2 1
bitbucket.org/smartystreets/satisfy/core/installer.go:76.2,77.16 2 1
bitbucket.org/smartystreets/satisfy/core/installer.go:81.2,82.70 2 1
bitbucket.org/smartystreets/satisfy/core/installer.go:87.2,87.12 1 1
bitbucket.org/smartystreets/satisfy/core/installer.go:63.16,65.3 1 1
bitbucket.org/smartystreets/satisfy/core/installer.go:69.12,71.3 1 1
bitbucket.org/smartystreets/satisfy/core/installer.go:73.16,75.3 1 1
bitbucket.org/smartystreets/satisfy/core/installer.go:77.16,80.3 2 0
bitbucket.org/smartystreets/satisfy/core/installer.go:82.70,85.3 2 1
bitbucket.org/smartystreets/satisfy/core/installer.go:90.137,92.6 2 1
bitbucket.org/smartystreets/satisfy/core/installer.go:115.2,115.19 1 1
bitbucket.org/smartystreets/satisfy/core/installer.go:92.6,94.20 2 1
bitbucket.org/smartystreets/satisfy/core/installer.go:97.3,97.17 1 1
bitbucket.org/smartystreets/satisfy/core/installer.go:100.3,104.41 4 1
bitbucket.org/smartystreets/satisfy/core/installer.go:94.20,95.9 1 1
bitbucket.org/smartystreets/satisfy/core/installer.go:97.17,99.4 1 0
bitbucket.org/smartystreets/satisfy/core/installer.go:104.41,106.4 1 1
bitbucket.org/smartystreets/satisfy/core/installer.go:106.9,109.18 3 1
bitbucket.org/smartystreets/satisfy/core/installer.go:112.4,112.22 1 1
bitbucket.org/smartystreets/satisfy/core/installer.go:109.18,111.5 1 0
bitbucket.org/smartystreets/satisfy/core/installer.go:118.64,119.29 1 1
bitbucket.org/smartystreets/satisfy/core/installer.go:119.29,121.3 1 1
bitbucket.org/smartystreets/satisfy/core/installer.go:124.57,128.2 3 1
bitbucket.org/smartystreets/satisfy/core/installer.go:131.52,131.85 1 1
bitbucket.org/smartystreets/satisfy/core/installer.go:132.52,132.85 1 1
bitbucket.org/smartystreets/satisfy/core/integrity_compound.go:9.92,11.2 1 1
bitbucket.org/smartystreets/satisfy/core/integrity_compound.go:13.97,14.36 1 1
bitbucket.org/smartystreets/satisfy/core/integrity_compound.go:20.2,20.12 1 1
bitbucket.org/smartystreets/satisfy/core/integrity_compound.go:14.36,16.17 2 1
bitbucket.org/smartystreets/satisfy/core/integrity_compound.go:16.17,18.4 1 1
bitbucket.org/smartystreets/satisfy/core/integrity_content.go:25.129,27.2 1 1
bitbucket.org/smartystreets/satisfy/core/integrity_content.go:29.100,30.19 1 1
bitbucket.org/smartystreets/satisfy/core/integrity_content.go:33.2,33.49 1 1
bitbucket.org/smartystreets/satisfy/core/integrity_content.go:42.2,43.12 2 1
bitbucket.org/smartystreets/satisfy/core/integrity_content.go:30.19,32.3 1 1
bitbucket.org/smartystreets/satisfy/core/integrity_content.go:33.49,35.17 2 1
bitbucket.org/smartystreets/satisfy/core/integrity_content.go:38.3,38.53 1 1
bitbucket.org/smartystreets/satisfy/core/integrity_content.go:35.17,37.4 1 0
bitbucket.org/smartystreets/satisfy/core/integrity_content.go:38.53,40.4 1 1
bitbucket.org/smartystreets/satisfy/core/integrity_content.go:46.87,49.26 3 1
bitbucket.org/smartystreets/satisfy/core/integrity_content.go:65.2,66.22 2 1
bitbucket.org/smartystreets/satisfy/core/integrity_content.go:49.26,51.17 2 1
bitbucket.org/smartystreets/satisfy/core/integrity_content.go:51.17,53.4 1 0
bitbucket.org/smartystreets/satisfy/core/integrity_content.go:54.8,57.17 3 1
bitbucket.org/smartystreets/satisfy/core/integrity_content.go:60.3,61.17 2 1
bitbucket.org/smartystreets/satisfy/core/integrity_content.go:57.17,59.4 1 0
bitbucket.org/smartystreets/satisfy/core/integrity_content.go:61.17,63.4 1 0
bitbucket.org/smartystreets/satisfy/core/retry_client.go:21.79,23.2 1 1
bitbucket.org/smartystreets/satisfy/core/retry_client.go:25.78,26.38 1 1
bitbucket.org/smartystreets/satisfy/core/retry_client.go:36.2,36.12 1 1
bitbucket.org/smartystreets/satisfy/core/retry_client.go:26.38,28.17 2 1
bitbucket.org/smartystreets/satisfy/core/retry_client.go:31.3,31.24 1 1
bitbucket.org/smartystreets/satisfy/core/retry_client.go:28.17,30.4 1 1
bitbucket.org/smartystreets/satisfy/core/retry_client.go:31.24,34.4 2 1
bitbucket.org/smartystreets/satisfy/core/retry_client.go:39.84,40.38 1 1
bitbucket.org/smartystreets/satisfy/core/retry_client.go:50.2,50.17 1 1
bitbucket.org/smartystreets/satisfy/core/retry_client.go:40.38,42.17 2 1
bitbucket.org/smartystreets/satisfy/core/retry_client.go:45.3,45.24 1 1
bitbucket.org/smartystreets/satisfy/core/retry_client.go:42.17,44.4 1 1
bitbucket.org/smartystreets/satisfy/core/retry_client.go:45.24,48.4 2 1
bitbucket.org/smartystreets/satisfy/core/filter.go:5.97,6.22 1 1
bitbucket.org/smartystreets/satisfy/core/filter.go:9.2,9.38 1 1
bitbucket.org/smartystreets/satisfy/core/filter.go:14.2,14.17 1 1
bitbucket.org/smartystreets/satisfy/core/filter.go:6.22,8.3 1 1
bitbucket.org/smartystreets/satisfy/core/filter.go:9.38,10.47 1 1
bitbucket.org/smartystreets/satisfy/core/filter.go:10.47,12.4 1 1
bitbucket.org/smartystreets/satisfy/core/filter.go:17.54,18.33 1 1
bitbucket.org/smartystreets/satisfy/core/filter.go:23.2,23.14 1 1
bitbucket.org/smartystreets/satisfy/core/filter.go:18.33,19.22 1 1
bitbucket.org/smartystreets/satisfy/core/filter.go:19.22,21.4 1 1
bitbucket.org/smartystreets/satisfy/core/hash_reader.go:13.65,15.2 1 1
bitbucket.org/smartystreets/satisfy/core/hash_reader.go:17.59,21.2 3 1
bitbucket.org/smartystreets/satisfy/core/integrity_listing.go:16.100,18.2 1 1
bitbucket.org/smartystreets/satisfy/core/integrity_listing.go:20.102,21.49 1 1
bitbucket.org/smartystreets/satisfy/core/integrity_listing.go:31.2,32.12 2 1
bitbucket.org/smartystreets/satisfy/core/integrity_listing.go:21.49,24.25 3 1
bitbucket.org/smartystreets/satisfy/core/integrity_listing.go:27.3,27.35 1 1
bitbucket.org/smartystreets/satisfy/core/integrity_listing.go:24.25,26.4 1 1
bitbucket.org/smartystreets/satisfy/core/integrity_listing.go:27.35,29.4 1 1
bitbucket.org/smartystreets/satisfy/core/uninstall.go:5.66,6.49 1 1
bitbucket.org/smartystreets/satisfy/core/uninstall.go:6.49,8.3 1 1
